\BOOKMARK [1][-]{section.1}{\376\377\116\272\174\173\166\204\123\362\122\115\145\366\116\343}{}% 1
\BOOKMARK [2][-]{subsection.1.1}{\376\377\116\272\174\173\215\167\156\220}{section.1}% 2
\BOOKMARK [2][-]{subsection.1.2}{\376\377\145\347\167\363\126\150\145\366\116\343\166\204\221\307\226\306\162\351\163\016\200\005}{section.1}% 3
\BOOKMARK [2][-]{subsection.1.3}{\376\377\145\260\167\363\126\150\145\366\116\343\166\204\121\234\116\032\227\151\124\175}{section.1}% 4
\BOOKMARK [1][-]{section.2}{\376\377\123\344\116\343\116\034\145\271\145\207\146\016}{}% 5
\BOOKMARK [2][-]{subsection.2.1}{\376\377\123\344\116\343\116\034\145\271\145\207\146\016\151\202\217\360}{section.2}% 6
\BOOKMARK [2][-]{subsection.2.2}{\376\377\177\216\175\042\116\015\217\276\174\163\116\232\145\207\146\016}{section.2}% 7
\BOOKMARK [2][-]{subsection.2.3}{\376\377\201\123\134\074\127\372\145\207\146\016\116\016\136\014\117\057\147\145\145\207\146\016}{section.2}% 8
\BOOKMARK [2][-]{subsection.2.4}{\376\377\123\344\116\343\127\303\123\312}{section.2}% 9
\BOOKMARK [2][-]{subsection.2.5}{\376\377\123\344\116\343\123\160\136\246}{section.2}% 10
\BOOKMARK [1][-]{section.3}{\376\377\123\344\116\343\136\014\201\112}{}% 11
\BOOKMARK [2][-]{subsection.3.1}{\376\377\162\061\164\064\155\167\145\207\146\016}{section.3}% 12
\BOOKMARK [2][-]{subsection.3.2}{\376\377\136\014\201\112\145\207\146\016\166\204\121\164\215\167}{section.3}% 13
\BOOKMARK [2][-]{subsection.3.3}{\376\377\136\014\201\112\127\316\220\246\166\204\136\372\172\313}{section.3}% 14
\BOOKMARK [3][-]{subsubsection.3.3.1}{\376\377\136\014\201\112\127\316\220\246\137\142\142\020\145\366\147\037}{subsection.3.3}% 15
\BOOKMARK [3][-]{subsubsection.3.3.2}{\376\377\136\014\201\112\127\316\220\246\136\372\172\313\145\366\147\037}{subsection.3.3}% 16
\BOOKMARK [2][-]{subsection.3.4}{\376\377\127\316\220\246\154\021\116\073\122\066\166\204\136\372\172\313}{section.3}% 17
\BOOKMARK [2][-]{subsection.3.5}{\376\377\123\344\116\343\136\014\201\112\166\204\145\207\123\026}{section.3}% 18
\BOOKMARK [2][-]{subsection.3.6}{\376\377\116\232\123\206\134\161\131\047\136\035\126\375}{section.3}% 19
\BOOKMARK [2][-]{subsection.3.7}{\376\377\136\014\201\112\123\026\145\366\116\343\166\204\145\207\123\026}{section.3}% 20
\BOOKMARK [2][-]{subsection.3.8}{\376\377\123\344\136\014\201\112\116\114\142\130\220\246\140\035\140\363}{section.3}% 21
\BOOKMARK [1][-]{section.4}{\376\377\123\344\116\343\177\127\232\154}{}% 22
\BOOKMARK [2][-]{subsection.4.1}{\376\377\177\127\232\154\121\161\124\214\126\375\166\204\121\164\215\167}{section.4}% 23
\BOOKMARK [2][-]{subsection.4.2}{\376\377\177\127\232\154\166\204\142\151\137\040}{section.4}% 24
\BOOKMARK [2][-]{subsection.4.3}{\376\377\177\127\232\154\121\161\124\214\126\375\166\204\123\161\147\072\116\016\210\160\116\241}{section.4}% 25
\BOOKMARK [2][-]{subsection.4.4}{\376\377\177\127\232\154\136\035\126\375\166\204\136\372\172\313}{section.4}% 26
\BOOKMARK [2][-]{subsection.4.5}{\376\377\127\372\167\143\145\131\166\204\116\247\165\037\123\312\121\166\145\351\147\037\123\321\134\125}{section.4}% 27
\BOOKMARK [3][-]{subsubsection.4.5.1}{\376\377\127\372\167\143\145\131\166\204\116\247\165\037}{subsection.4.5}% 28
\BOOKMARK [3][-]{subsubsection.4.5.2}{\376\377\127\372\167\143\145\131\166\204\123\321\134\125}{subsection.4.5}% 29
\BOOKMARK [3][-]{subsubsection.4.5.3}{\376\377\127\372\167\143\145\131\124\010\154\325\123\026}{subsection.4.5}% 30
\BOOKMARK [2][-]{subsection.4.6}{\376\377\177\127\232\154\136\035\126\375\166\204\210\160\116\241}{section.4}% 31
\BOOKMARK [2][-]{subsection.4.7}{\376\377\123\344\116\343\177\127\232\154\166\204\145\207\123\026}{section.4}% 32
\BOOKMARK [3][-]{subsubsection.4.7.1}{\376\377\133\227\145\131\116\016\145\207\123\026}{subsection.4.7}% 33
\BOOKMARK [3][-]{subsubsection.4.7.2}{\376\377\213\355\212\000\116\016\145\207\133\127}{subsection.4.7}% 34
\BOOKMARK [1][-]{section.5}{\376\377\211\177\153\047\134\001\136\372\171\076\117\032\166\204\137\142\142\020\116\016\123\321\134\125}{}% 35
\BOOKMARK [2][-]{subsection.5.1}{\376\377\122\115\212\000}{section.5}% 36
\BOOKMARK [3][-]{subsubsection.5.1.1}{\376\377\211\177\153\047\116\073\211\201\134\001\136\372\126\375\133\266\137\142\142\020\116\016\123\321\134\125}{subsection.5.1}% 37
\BOOKMARK [3][-]{subsubsection.5.1.2}{\376\377\211\177\153\047\134\001\136\372\171\076\117\032\166\204\145\077\154\273\040\024\040\024\117\123\174\373\116\045\133\306\166\204\134\001\136\372\122\066\136\246}{subsection.5.1}% 38
\BOOKMARK [3][-]{subsubsection.5.1.3}{\376\377\145\077\145\131\121\262\172\201}{subsection.5.1}% 39
\BOOKMARK [3][-]{subsubsection.5.1.4}{\376\377\127\316\136\002\166\204\121\164\215\167}{subsection.5.1}% 40
\BOOKMARK [3][-]{subsubsection.5.1.5}{\376\377\134\001\136\372\173\111\176\247\116\343\210\150\122\066\166\204\121\372\163\260}{subsection.5.1}% 41
\BOOKMARK [2][-]{subsection.5.2}{\376\377\145\345\200\063\146\374\116\272\166\204\121\145\117\265\123\312\121\166\137\161\124\315}{section.5}% 42
\BOOKMARK [2][-]{subsection.5.3}{\376\377\154\325\121\160\121\113\163\213\126\375}{section.5}% 43
\BOOKMARK [3][-]{subsubsection.5.3.1}{\376\377\130\250\155\033\156\051\163\213\147\035\377\010\0004\0008\0001\000-\0007\0005\0001\377\011}{subsection.5.3}% 44
\BOOKMARK [3][-]{subsubsection.5.3.2}{\376\377\122\240\155\033\147\227\163\213\147\035\377\010\0007\0005\0001\000-\0008\0004\0003\377\011}{subsection.5.3}% 45
\BOOKMARK [3][-]{subsubsection.5.3.3}{\376\377\147\345\164\006\146\374\136\035\126\375}{subsection.5.3}% 46
\BOOKMARK [2][-]{subsection.5.4}{\376\377\134\001\136\372\122\066\136\246\116\016\134\001\136\372\136\204\126\355\176\317\155\116}{section.5}% 47
\BOOKMARK [3][-]{subsubsection.5.4.1}{\376\377\134\001\136\372\122\066\136\246}{subsection.5.4}% 48
\BOOKMARK [3][-]{subsubsection.5.4.2}{\376\377\134\001\201\343\122\066\136\246}{subsection.5.4}% 49
\BOOKMARK [3][-]{subsubsection.5.4.3}{\376\377\136\204\126\355\122\066\136\246}{subsection.5.4}% 50
\BOOKMARK [2][-]{subsection.5.5}{\376\377\211\177\153\047\176\317\155\116\166\204\131\015\121\164}{section.5}% 51
\BOOKMARK [3][-]{subsubsection.5.5.1}{\376\377\121\234\116\032\227\151\124\175}{subsection.5.5}% 52
\BOOKMARK [3][-]{subsubsection.5.5.2}{\376\377\215\070\146\023\131\015\121\164}{subsection.5.5}% 53
\BOOKMARK [2][-]{subsection.5.6}{\376\377\116\055\116\026\176\252\127\316\136\002\166\204\121\164\215\167}{section.5}% 54
\BOOKMARK [3][-]{subsubsection.5.6.1}{\376\377\135\345\125\106\116\032\127\316\136\002\166\204\215\167\156\220}{subsection.5.6}% 55
\BOOKMARK [3][-]{subsubsection.5.6.2}{\376\377\127\316\136\002\121\164\215\167\166\204\141\017\116\111}{subsection.5.6}% 56
\BOOKMARK [2][-]{subsection.5.7}{\376\377\123\101\133\127\121\233\116\034\137\201}{section.5}% 57
\BOOKMARK [2][-]{subsection.5.8}{\376\377\116\055\116\026\176\252\166\204\154\325\126\375}{section.5}% 58
\BOOKMARK [2][-]{subsection.5.9}{\376\377\116\055\116\026\176\252\166\204\202\361\126\375}{section.5}% 59
\BOOKMARK [3][-]{subsubsection.5.9.1}{\376\377\060\012\131\047\133\252\172\340\060\013\166\204\173\176\213\242\116\016\213\256\117\032\166\204\123\354\137\000}{subsection.5.9}% 60
\BOOKMARK [3][-]{subsubsection.5.9.2}{\376\377\202\361\126\375\213\256\117\032\145\077\154\273\166\204\123\321\134\125}{subsection.5.9}% 61
\BOOKMARK [2][-]{subsection.5.10}{\376\377\116\055\116\026\176\252\166\204\211\177\153\047\145\207\123\026}{section.5}% 62
\BOOKMARK [3][-]{subsubsection.5.10.1}{\376\377\116\055\116\026\176\252\166\204\145\131\200\262}{subsection.5.10}% 63
\BOOKMARK [3][-]{subsubsection.5.10.2}{\376\377\116\055\116\026\176\252\166\204\136\372\173\121}{subsection.5.10}% 64
\BOOKMARK [1][-]{section.6}{\376\377\116\055\116\026\176\252\166\204\116\034\153\047\116\016\116\034\145\271\116\026\165\114}{}% 65
\BOOKMARK [2][-]{subsection.6.1}{\376\377\142\334\123\140\136\255\136\035\126\375}{section.6}% 66
\BOOKMARK [3][-]{subsubsection.6.1.1}{\376\377\147\345\130\353\116\001\134\074\145\366\116\343}{subsection.6.1}% 67
\BOOKMARK [3][-]{subsubsection.6.1.2}{\376\377\177\127\232\154\154\325}{subsection.6.1}% 68
\BOOKMARK [3][-]{subsubsection.6.1.3}{\376\377\142\334\123\140\136\255\136\035\126\375\166\204\123\161\147\072\116\016\133\130\116\241}{subsection.6.1}% 69
\BOOKMARK [2][-]{subsection.6.2}{\376\377\117\304\126\375}{section.6}% 70
\BOOKMARK [2][-]{subsection.6.3}{\376\377\226\077\142\311\117\057\136\035\126\375}{section.6}% 71
\BOOKMARK [2][-]{subsection.6.4}{\376\377\204\231\123\344\136\035\126\375}{section.6}% 72
\BOOKMARK [2][-]{subsection.6.5}{\376\377\123\160\136\246}{section.6}% 73
\BOOKMARK [3][-]{subsubsection.6.5.1}{\376\377\117\133\145\131\166\204\116\247\165\037}{subsection.6.5}% 74
\BOOKMARK [3][-]{subsubsection.6.5.2}{\376\377\123\160\136\246\145\131\166\204\116\247\165\037}{subsection.6.5}% 75
\BOOKMARK [2][-]{subsection.6.6}{\376\377\145\345\147\054}{section.6}% 76
\BOOKMARK [3][-]{subsubsection.6.6.1}{\376\377\131\047\123\026\227\151\145\260}{subsection.6.6}% 77
\BOOKMARK [3][-]{subsubsection.6.6.2}{\376\377\153\146\130\353\226\066\134\102}{subsection.6.6}% 78
\BOOKMARK [3][-]{subsubsection.6.6.3}{\376\377\145\345\147\054\134\001\136\372\122\066\136\246\377\010\136\204\126\355\122\066\136\246\377\011}{subsection.6.6}% 79
\BOOKMARK [1][-]{section.7}{\376\377\217\321\116\343\116\026\165\114\166\204\133\125\200\262}{}% 80
\BOOKMARK [2][-]{subsection.7.1}{\376\377\145\207\202\172\131\015\121\164}{section.7}% 81
\BOOKMARK [3][-]{subsubsection.7.1.1}{\376\377\200\314\146\157}{subsection.7.1}% 82
\BOOKMARK [3][-]{subsubsection.7.1.2}{\376\377\145\207\202\172\131\015\121\164}{subsection.7.1}% 83
\BOOKMARK [3][-]{subsubsection.7.1.3}{\376\377\116\272\145\207\116\073\116\111}{subsection.7.1}% 84
\BOOKMARK [3][-]{subsubsection.7.1.4}{\376\377\145\207\202\172\131\015\121\164\145\366\147\037\166\204\145\207\133\146\116\016\202\172\147\057}{subsection.7.1}% 85
\BOOKMARK [3][-]{subsubsection.7.1.5}{\376\377\153\047\155\062\124\004\126\375\166\204\145\207\202\172\131\015\121\164}{subsection.7.1}% 86
\BOOKMARK [2][-]{subsection.7.2}{\376\377\133\227\145\131\145\071\227\151}{section.7}% 87
\BOOKMARK [3][-]{subsubsection.7.2.1}{\376\377\131\051\116\073\145\131\117\032\166\204\123\315\133\227\145\131\145\071\227\151\217\320\122\250}{subsection.7.2}% 88
\BOOKMARK [2][-]{subsection.7.3}{\376\377\131\047\211\177\155\013\166\204\137\000\220\032}{section.7}% 89
\BOOKMARK [2][-]{subsection.7.4}{\376\377\211\177\163\355\162\131\166\204\121\164\210\160}{section.7}% 90
\BOOKMARK [2][-]{subsection.7.5}{\376\377\154\325\126\375\116\023\122\066\116\073\116\111\166\204\121\164\215\167}{section.7}% 91
\BOOKMARK [2][-]{subsection.7.6}{\376\377\202\361\126\375\154\021\145\317\126\375\133\266\166\204\137\142\142\020}{section.7}% 92
\BOOKMARK [2][-]{subsection.7.7}{\376\377\202\361\126\375\124\033\116\073\172\313\133\252\122\066\166\204\170\156\172\313}{section.7}% 93
\BOOKMARK [3][-]{subsubsection.7.7.1}{\376\377\202\361\126\375\215\104\116\247\226\066\176\247\227\151\124\175\166\204\200\314\146\157}{subsection.7.7}% 94
\BOOKMARK [3][-]{subsubsection.7.7.2}{\376\377\202\361\126\375\124\033\116\073\172\313\133\252\122\066\170\156\172\313\166\204\200\314\146\157}{subsection.7.7}% 95
\BOOKMARK [2][-]{subsection.7.8}{\376\377\131\145\127\060\122\051\166\204\121\164\215\167}{section.7}% 96
\BOOKMARK [2][-]{subsection.7.9}{\376\377\146\156\234\201\130\353\166\204\121\164\215\167}{section.7}% 97
\BOOKMARK [2][-]{subsection.7.10}{\376\377\117\304\126\375\166\204\040\034\211\177\123\026\040\035}{section.7}% 98
\BOOKMARK [3][-]{subsubsection.7.10.1}{\376\377\137\174\137\227\131\047\136\035\145\071\227\151}{subsection.7.10}% 99
\BOOKMARK [2][-]{subsection.7.11}{\376\377\171\321\133\146\227\151\124\175}{section.7}% 100
\BOOKMARK [2][-]{subsection.7.12}{\376\377\124\057\204\231\217\320\122\250}{section.7}% 101
\BOOKMARK [1][-]{section.8}{\376\377\131\047\211\177\155\013\227\151\124\175}{}% 102
\BOOKMARK [2][-]{subsection.8.1}{\376\377\133\374\213\272}{section.8}% 103
\BOOKMARK [2][-]{subsection.8.2}{\376\377\177\216\126\375\162\354\172\313\227\151\124\175}{section.8}% 104
\BOOKMARK [3][-]{subsubsection.8.2.1}{\376\377\200\314\146\157}{subsection.8.2}% 105
\BOOKMARK [3][-]{subsubsection.8.2.2}{\376\377\153\226\154\021\127\060\166\204\123\321\134\125}{subsection.8.2}% 106
\BOOKMARK [3][-]{subsubsection.8.2.3}{\376\377\177\216\126\375\200\124\220\246\122\066\166\204\137\142\142\020}{subsection.8.2}% 107
\BOOKMARK [3][-]{subsubsection.8.2.4}{\376\377\177\216\126\375\0001\0007\0008\0007\136\164\133\252\154\325}{subsection.8.2}% 108
\BOOKMARK [2][-]{subsection.8.3}{\376\377\154\325\126\375\131\047\227\151\124\175}{section.8}% 109
\BOOKMARK [3][-]{subsubsection.8.3.1}{\376\377\133\371\226\305\124\004\133\276\140\120\140\026\176\337\154\273\166\204\122\006\147\220}{subsection.8.3}% 110
\BOOKMARK [3][-]{subsubsection.8.3.2}{\376\377\160\355\147\010\121\132\116\272\124\214\167\143\145\077\136\234\166\204\176\337\154\273\377\010\0001\0007\0009\0005\000-\0001\0007\0009\0009\377\011}{subsection.8.3}% 111
\BOOKMARK [3][-]{subsubsection.8.3.3}{\376\377\167\143\145\077\136\234\166\204\176\337\154\273}{subsection.8.3}% 112
